Copyright 1986-2018 Xilinx, Inc. All Rights Reserved.
----------------------------------------------------------------------------------------------------------------------------------------------------------------
| Tool Version     : Vivado v.2018.2 (win64) Build 2258646 Thu Jun 14 20:03:12 MDT 2018
| Date             : Fri Dec  7 17:14:39 2018
| Host             : DESKTOP-STRIX running 64-bit major release  (build 9200)
| Command          : report_power -file game_top_level_power_routed.rpt -pb game_top_level_power_summary_routed.pb -rpx game_top_level_power_routed.rpx
| Design           : game_top_level
| Device           : xc7a35tcpg236-1
| Design State     : routed
| Grade            : commercial
| Process          : typical
| Characterization : Production
----------------------------------------------------------------------------------------------------------------------------------------------------------------

Power Report

Table of Contents
-----------------
1. Summary
1.1 On-Chip Components
1.2 Power Supply Summary
1.3 Confidence Level
2. Settings
2.1 Environment
2.2 Clock Constraints
3. Detailed Reports
3.1 By Hierarchy

1. Summary
----------

+--------------------------+--------------+
| Total On-Chip Power (W)  | 0.091        |
| Design Power Budget (W)  | Unspecified* |
| Power Budget Margin (W)  | NA           |
| Dynamic (W)              | 0.020        |
| Device Static (W)        | 0.072        |
| Effective TJA (C/W)      | 5.0          |
| Max Ambient (C)          | 84.5         |
| Junction Temperature (C) | 25.5         |
| Confidence Level         | Low          |
| Setting File             | ---          |
| Simulation Activity File | ---          |
| Design Nets Matched      | NA           |
+--------------------------+--------------+
* Specify Design Power Budget using, set_operating_conditions -design_power_budget <value in Watts>


1.1 On-Chip Components
----------------------

+----------------+-----------+----------+-----------+-----------------+
| On-Chip        | Power (W) | Used     | Available | Utilization (%) |
+----------------+-----------+----------+-----------+-----------------+
| Clocks         |     0.007 |        3 |       --- |             --- |
| Slice Logic    |     0.006 |    20963 |       --- |             --- |
|   LUT as Logic |     0.005 |    11026 |     20800 |           53.01 |
|   Register     |    <0.001 |     1588 |     41600 |            3.82 |
|   CARRY4       |    <0.001 |     3604 |      8150 |           44.22 |
|   BUFG         |    <0.001 |        1 |        32 |            3.13 |
|   Others       |     0.000 |      307 |       --- |             --- |
| Signals        |     0.005 |     6905 |       --- |             --- |
| I/O            |     0.002 |       44 |       106 |           41.51 |
| Static Power   |     0.072 |          |           |                 |
| Total          |     0.091 |          |           |                 |
+----------------+-----------+----------+-----------+-----------------+


1.2 Power Supply Summary
------------------------

+-----------+-------------+-----------+-------------+------------+
| Source    | Voltage (V) | Total (A) | Dynamic (A) | Static (A) |
+-----------+-------------+-----------+-------------+------------+
| Vccint    |       1.000 |     0.027 |       0.018 |      0.010 |
| Vccaux    |       1.800 |     0.013 |       0.000 |      0.013 |
| Vcco33    |       3.300 |     0.002 |       0.001 |      0.001 |
| Vcco25    |       2.500 |     0.000 |       0.000 |      0.000 |
| Vcco18    |       1.800 |     0.000 |       0.000 |      0.000 |
| Vcco15    |       1.500 |     0.000 |       0.000 |      0.000 |
| Vcco135   |       1.350 |     0.000 |       0.000 |      0.000 |
| Vcco12    |       1.200 |     0.000 |       0.000 |      0.000 |
| Vccaux_io |       1.800 |     0.000 |       0.000 |      0.000 |
| Vccbram   |       1.000 |     0.000 |       0.000 |      0.000 |
| MGTAVcc   |       1.000 |     0.000 |       0.000 |      0.000 |
| MGTAVtt   |       1.200 |     0.000 |       0.000 |      0.000 |
| Vccadc    |       1.800 |     0.020 |       0.000 |      0.020 |
+-----------+-------------+-----------+-------------+------------+


1.3 Confidence Level
--------------------

+-----------------------------+------------+--------------------------------------------------------+--------------------------------------------------------------------------------------------------------------------+
| User Input Data             | Confidence | Details                                                | Action                                                                                                             |
+-----------------------------+------------+--------------------------------------------------------+--------------------------------------------------------------------------------------------------------------------+
| Design implementation state | High       | Design is routed                                       |                                                                                                                    |
| Clock nodes activity        | Low        | User specified less than 75% of clocks                 | Provide missing clock activity with a constraint file, simulation results or by editing the "By Clock Domain" view |
| I/O nodes activity          | Low        | More than 75% of inputs are missing user specification | Provide missing input activity with simulation results or by editing the "By Resource Type -> I/Os" view           |
| Internal nodes activity     | Medium     | User specified less than 25% of internal nodes         | Provide missing internal nodes activity with simulation results or by editing the "By Resource Type" views         |
| Device models               | High       | Device models are Production                           |                                                                                                                    |
|                             |            |                                                        |                                                                                                                    |
| Overall confidence level    | Low        |                                                        |                                                                                                                    |
+-----------------------------+------------+--------------------------------------------------------+--------------------------------------------------------------------------------------------------------------------+


2. Settings
-----------

2.1 Environment
---------------

+-----------------------+--------------------------+
| Ambient Temp (C)      | 25.0                     |
| ThetaJA (C/W)         | 5.0                      |
| Airflow (LFM)         | 250                      |
| Heat Sink             | medium (Medium Profile)  |
| ThetaSA (C/W)         | 4.6                      |
| Board Selection       | medium (10"x10")         |
| # of Board Layers     | 12to15 (12 to 15 Layers) |
| Board Temperature (C) | 25.0                     |
+-----------------------+--------------------------+


2.2 Clock Constraints
---------------------

+-------------+--------+-----------------+
| Clock       | Domain | Constraint (ns) |
+-------------+--------+-----------------+
| sys_clk_pin | clk    |            10.0 |
+-------------+--------+-----------------+


3. Detailed Reports
-------------------

3.1 By Hierarchy
----------------

+---------------------------+-----------+
| Name                      | Power (W) |
+---------------------------+-----------+
| game_top_level            |     0.020 |
|   COMPARER                |     0.001 |
|     CLOCK_DIV             |    <0.001 |
|       hundredthsClock     |    <0.001 |
|       kHzClock            |    <0.001 |
|       secondClock         |    <0.001 |
|       tenthsClock         |    <0.001 |
|       thousandthsClock    |    <0.001 |
|     PLAYER1               |    <0.001 |
|     PLAYER2               |    <0.001 |
|   DIGIT_MUX               |    <0.001 |
|   HIGHSCORE_STORER        |    <0.001 |
|     DOWN_COUNT            |    <0.001 |
|     UP_COUNT              |    <0.001 |
|   RANDOM_CLOCK            |    <0.001 |
|     KHzClock              |    <0.001 |
|     hundredthsClock       |    <0.001 |
|     randomClk             |    <0.001 |
|     secondClock           |    <0.001 |
|     tenthsClock           |    <0.001 |
|     thousandthsClock      |    <0.001 |
|   SCOREBOARD              |     0.003 |
|   SCORE_KEEPER            |    <0.001 |
|   SELECTOR                |    <0.001 |
|   SLIDING_DISPLAY         |    <0.001 |
|     oneHzClock            |    <0.001 |
|   THREE_SEC_CD            |    <0.001 |
|     oneHzClock            |    <0.001 |
|     singleMinutesClock    |    <0.001 |
|     singleSecondsClock    |    <0.001 |
|     tensMinutesClock      |    <0.001 |
|     tensSecondsClock      |    <0.001 |
|   VGA                     |     0.007 |
|     DIVIDER               |    <0.001 |
|       megaHzClock_25MHz   |    <0.001 |
|     MON_DISP              |     0.003 |
|       CENTER_NUMBER       |    <0.001 |
|         DECIMAL           |     0.000 |
|         HUNDREDTHS        |    <0.001 |
|         SEC               |    <0.001 |
|         TENTHS            |    <0.001 |
|         THOUSANDTHS       |    <0.001 |
|       COUNTDOWN_NUMBER    |     0.000 |
|         GEN_TEXT[0].REGX  |     0.000 |
|       PLAYER1             |     0.000 |
|         GEN_TEXT[0].REGX  |     0.000 |
|         GEN_TEXT[1].REGX  |     0.000 |
|         GEN_TEXT[2].REGX  |     0.000 |
|         GEN_TEXT[3].REGX  |     0.000 |
|         GEN_TEXT[4].REGX  |     0.000 |
|         GEN_TEXT[5].REGX  |     0.000 |
|         GEN_TEXT[7].REGX  |     0.000 |
|       PLAYER2             |     0.000 |
|         GEN_TEXT[0].REGX  |     0.000 |
|         GEN_TEXT[1].REGX  |     0.000 |
|         GEN_TEXT[2].REGX  |     0.000 |
|         GEN_TEXT[3].REGX  |     0.000 |
|         GEN_TEXT[4].REGX  |     0.000 |
|         GEN_TEXT[5].REGX  |     0.000 |
|         GEN_TEXT[7].REGX  |     0.000 |
|       PLAYER_1_VICTORY    |     0.000 |
|         GEN_TEXT[0].REGX  |     0.000 |
|         GEN_TEXT[10].REGX |     0.000 |
|         GEN_TEXT[11].REGX |     0.000 |
|         GEN_TEXT[12].REGX |     0.000 |
|         GEN_TEXT[13].REGX |     0.000 |
|         GEN_TEXT[14].REGX |     0.000 |
|         GEN_TEXT[15].REGX |     0.000 |
|         GEN_TEXT[1].REGX  |     0.000 |
|         GEN_TEXT[2].REGX  |     0.000 |
|         GEN_TEXT[3].REGX  |     0.000 |
|         GEN_TEXT[4].REGX  |     0.000 |
|         GEN_TEXT[5].REGX  |     0.000 |
|         GEN_TEXT[7].REGX  |     0.000 |
|         GEN_TEXT[9].REGX  |     0.000 |
|       PLAYER_2_VICTORY    |    <0.001 |
|         GEN_TEXT[0].REGX  |     0.000 |
|         GEN_TEXT[10].REGX |     0.000 |
|         GEN_TEXT[11].REGX |     0.000 |
|         GEN_TEXT[12].REGX |     0.000 |
|         GEN_TEXT[13].REGX |    <0.001 |
|         GEN_TEXT[14].REGX |     0.000 |
|         GEN_TEXT[15].REGX |     0.000 |
|         GEN_TEXT[1].REGX  |     0.000 |
|         GEN_TEXT[2].REGX  |     0.000 |
|         GEN_TEXT[3].REGX  |     0.000 |
|         GEN_TEXT[4].REGX  |     0.000 |
|         GEN_TEXT[5].REGX  |     0.000 |
|         GEN_TEXT[7].REGX  |     0.000 |
|         GEN_TEXT[9].REGX  |     0.000 |
|       PLAYING_TO          |    <0.001 |
|         GEN_TEXT[11].REGX |    <0.001 |
|         GEN_TEXT[12].REGX |    <0.001 |
|       ROUND_1             |    <0.001 |
|         DECIMAL           |    <0.001 |
|         HUNDREDTHS        |    <0.001 |
|         SEC               |    <0.001 |
|         TENTHS            |    <0.001 |
|         THOUSANDTHS       |    <0.001 |
|       ROUND_10            |    <0.001 |
|         DECIMAL           |    <0.001 |
|         HUNDREDTHS        |    <0.001 |
|         SEC               |    <0.001 |
|         TENTHS            |    <0.001 |
|         THOUSANDTHS       |    <0.001 |
|       ROUND_2             |    <0.001 |
|         DECIMAL           |    <0.001 |
|         HUNDREDTHS        |    <0.001 |
|         SEC               |    <0.001 |
|         TENTHS            |    <0.001 |
|         THOUSANDTHS       |    <0.001 |
|       ROUND_3             |    <0.001 |
|         DECIMAL           |    <0.001 |
|         HUNDREDTHS        |    <0.001 |
|         SEC               |    <0.001 |
|         TENTHS            |    <0.001 |
|         THOUSANDTHS       |    <0.001 |
|       ROUND_4             |    <0.001 |
|         DECIMAL           |    <0.001 |
|         HUNDREDTHS        |    <0.001 |
|         SEC               |    <0.001 |
|         TENTHS            |    <0.001 |
|         THOUSANDTHS       |    <0.001 |
|       ROUND_5             |    <0.001 |
|         DECIMAL           |    <0.001 |
|         HUNDREDTHS        |    <0.001 |
|         SEC               |    <0.001 |
|         TENTHS            |    <0.001 |
|         THOUSANDTHS       |    <0.001 |
|       ROUND_6             |    <0.001 |
|         DECIMAL           |    <0.001 |
|         HUNDREDTHS        |    <0.001 |
|         SEC               |    <0.001 |
|         TENTHS            |    <0.001 |
|         THOUSANDTHS       |    <0.001 |
|       ROUND_7             |    <0.001 |
|         DECIMAL           |    <0.001 |
|         HUNDREDTHS        |    <0.001 |
|         SEC               |    <0.001 |
|         TENTHS            |    <0.001 |
|         THOUSANDTHS       |    <0.001 |
|       ROUND_8             |    <0.001 |
|         DECIMAL           |    <0.001 |
|         HUNDREDTHS        |    <0.001 |
|         SEC               |    <0.001 |
|         TENTHS            |    <0.001 |
|         THOUSANDTHS       |    <0.001 |
|       ROUND_9             |    <0.001 |
|         DECIMAL           |    <0.001 |
|         HUNDREDTHS        |    <0.001 |
|         SEC               |    <0.001 |
|         TENTHS            |    <0.001 |
|         THOUSANDTHS       |    <0.001 |
|       SCORE_NUM           |    <0.001 |
|         GEN_TEXT[0].REGX  |    <0.001 |
|         GEN_TEXT[1].REGX  |    <0.001 |
|         GEN_TEXT[3].REGX  |    <0.001 |
|         GEN_TEXT[4].REGX  |    <0.001 |
|       SCORE_WORD          |     0.000 |
|     VGA_SYNC              |     0.004 |
|   WINNER_DISPLAY          |     0.002 |
|     music                 |     0.002 |
|       Bb                  |    <0.001 |
|       C                   |    <0.001 |
|       D                   |    <0.001 |
|       dutyCycle1          |    <0.001 |
|       dutyCycle2          |    <0.001 |
|       noteChanger         |    <0.001 |
|     oneHzClock            |    <0.001 |
+---------------------------+-----------+


